<?xml version="1.0" encoding="UTF-8"?>
<testng-results skipped="0" failed="0" ignored="0" total="1" passed="1">
  <reporter-output>
  </reporter-output>
  <suite name="Default suite" duration-ms="22911" started-at="2020-09-23T04:27:44Z" finished-at="2020-09-23T04:28:07Z">
    <groups>
    </groups>
    <test name="Default test" duration-ms="22911" started-at="2020-09-23T04:27:44Z" finished-at="2020-09-23T04:28:07Z">
      <class name="com.testcases.flightTest">
        <test-method status="PASS" signature="init()[pri:0, instance:com.testcases.flightTest@28d25987]" name="init" is-config="true" duration-ms="8" started-at="2020-09-23T09:57:44Z" finished-at="2020-09-23T09:57:44Z">
          <reporter-output>
          </reporter-output>
        </test-method> <!-- init -->
        <test-method status="PASS" signature="flight_selection()[pri:0, instance:com.testcases.flightTest@28d25987]" name="flight_selection" duration-ms="22079" started-at="2020-09-23T09:57:44Z" finished-at="2020-09-23T09:58:07Z">
          <reporter-output>
          </reporter-output>
        </test-method> <!-- flight_selection -->
        <test-method status="PASS" signature="quit()[pri:0, instance:com.testcases.flightTest@28d25987]" name="quit" is-config="true" duration-ms="807" started-at="2020-09-23T09:58:07Z" finished-at="2020-09-23T09:58:07Z">
          <reporter-output>
          </reporter-output>
        </test-method> <!-- quit -->
      </class> <!-- com.testcases.flightTest -->
    </test> <!-- Default test -->
  </suite> <!-- Default suite -->
</testng-results>
